[2024-04-08 11:49:56] [INFO ] [AppInvasoresFx: 52] --------------------------------------------------------------------------------
[2024-04-08 11:49:58] [DEBUG] [GameManager: 52] start level=1
[2024-04-08 11:50:19] [DEBUG] [GameManager: 62] nextLevel level=2
[2024-04-08 11:50:33] [DEBUG] [GameManager: 62] nextLevel level=3
[2024-04-08 11:50:33] [DEBUG] [EnemyShipDiagonal: 11] EnemyShipDiagonal N=3
[2024-04-08 11:50:33] [DEBUG] [EnemyShipDiagonal: 11] EnemyShipDiagonal N=3
[2024-04-08 11:50:33] [DEBUG] [EnemyShipDiagonal: 11] EnemyShipDiagonal N=3
[2024-04-08 11:50:33] [DEBUG] [EnemyShipDiagonal: 11] EnemyShipDiagonal N=3
[2024-04-08 11:50:42] [DEBUG] [GameManager: 62] nextLevel level=4
[2024-04-08 11:50:44] [DEBUG] [GameManager: 62] nextLevel level=5
[2024-04-08 12:03:16] [INFO ] [AppInvasoresFx: 52] --------------------------------------------------------------------------------
[2024-04-08 12:03:19] [DEBUG] [GameManager: 52] start level=1
[2024-04-08 12:03:27] [DEBUG] [GameManager:201] updateGame E_APP_ONELESSLIFE enemies=2 shotsDown=12 shotsUp=11
[2024-04-08 12:03:27] [DEBUG] [GameManager: 70] sameLevel level=1
[2024-04-08 12:03:34] [DEBUG] [GameManager: 62] nextLevel level=2
[2024-04-08 12:03:41] [DEBUG] [GameManager: 62] nextLevel level=3
[2024-04-08 12:03:41] [DEBUG] [EnemyShipDiagonal: 11] EnemyShipDiagonal N=3
[2024-04-08 12:03:41] [DEBUG] [EnemyShipDiagonal: 11] EnemyShipDiagonal N=3
[2024-04-08 12:03:41] [DEBUG] [EnemyShipDiagonal: 11] EnemyShipDiagonal N=3
[2024-04-08 12:03:41] [DEBUG] [EnemyShipDiagonal: 11] EnemyShipDiagonal N=3
[2024-04-08 12:03:56] [DEBUG] [GameManager: 62] nextLevel level=4
[2024-04-08 12:04:52] [INFO ] [AppInvasoresFx: 52] --------------------------------------------------------------------------------
[2024-04-08 12:04:53] [DEBUG] [GameManager: 52] start level=1
[2024-04-08 12:04:58] [DEBUG] [GameManager:201] updateGame E_APP_ONELESSLIFE enemies=3 shotsDown=12 shotsUp=12
[2024-04-08 12:04:58] [DEBUG] [GameManager: 70] sameLevel level=1
[2024-04-08 12:05:09] [DEBUG] [GameManager: 62] nextLevel level=2
[2024-04-08 12:05:20] [DEBUG] [GameManager: 62] nextLevel level=3
[2024-04-08 12:05:20] [DEBUG] [EnemyShipDiagonal: 11] EnemyShipDiagonal N=3
[2024-04-08 12:05:20] [DEBUG] [EnemyShipDiagonal: 11] EnemyShipDiagonal N=3
[2024-04-08 12:05:20] [DEBUG] [EnemyShipDiagonal: 11] EnemyShipDiagonal N=3
[2024-04-08 12:05:20] [DEBUG] [EnemyShipDiagonal: 11] EnemyShipDiagonal N=3
[2024-04-08 12:05:28] [DEBUG] [GameManager: 62] nextLevel level=4
[2024-04-08 12:05:28] [DEBUG] [EnemyShipDiagonal: 11] EnemyShipDiagonal N=3
[2024-04-08 12:05:28] [DEBUG] [EnemyShipDiagonal: 11] EnemyShipDiagonal N=3
[2024-04-08 12:05:28] [DEBUG] [EnemyShipDiagonal: 11] EnemyShipDiagonal N=3
[2024-04-08 12:05:28] [DEBUG] [EnemyShipDiagonal: 11] EnemyShipDiagonal N=3
[2024-04-08 12:05:40] [DEBUG] [GameManager: 62] nextLevel level=5
[2024-04-08 12:05:51] [DEBUG] [GameManager: 62] nextLevel level=6
[2024-04-08 12:05:58] [DEBUG] [GameManager:201] updateGame E_APP_ONELESSLIFE enemies=2 shotsDown=8 shotsUp=7
[2024-04-08 12:05:58] [DEBUG] [GameManager: 70] sameLevel level=6
[2024-04-08 12:06:06] [DEBUG] [GameManager: 62] nextLevel level=7
[2024-04-08 12:06:06] [DEBUG] [EnemyShipDiagonal: 11] EnemyShipDiagonal N=3
[2024-04-08 12:06:06] [DEBUG] [EnemyShipDiagonal: 11] EnemyShipDiagonal N=3
[2024-04-08 12:06:06] [DEBUG] [EnemyShipDiagonal: 11] EnemyShipDiagonal N=3
[2024-04-08 12:06:06] [DEBUG] [EnemyShipDiagonal: 11] EnemyShipDiagonal N=3
[2024-04-08 12:06:14] [DEBUG] [GameManager: 62] nextLevel level=8
[2024-04-08 12:06:14] [DEBUG] [EnemyShipDiagonal: 11] EnemyShipDiagonal N=3
[2024-04-08 12:06:14] [DEBUG] [EnemyShipDiagonal: 11] EnemyShipDiagonal N=3
[2024-04-08 12:06:14] [DEBUG] [EnemyShipDiagonal: 11] EnemyShipDiagonal N=3
[2024-04-08 12:06:14] [DEBUG] [EnemyShipDiagonal: 11] EnemyShipDiagonal N=3
[2024-04-10 11:33:40] [INFO ] [AppInvasoresFx: 52] --------------------------------------------------------------------------------
[2024-04-10 11:33:42] [DEBUG] [GameManager: 52] start level=1
[2024-04-10 11:33:44] [INFO ] [AppInvasoresFx: 52] --------------------------------------------------------------------------------
[2024-04-10 11:33:50] [INFO ] [AppInvasoresFx: 52] --------------------------------------------------------------------------------
[2024-04-10 11:33:57] [INFO ] [AppInvasoresFx: 52] --------------------------------------------------------------------------------
[2024-04-10 11:34:08] [DEBUG] [GameManager: 62] nextLevel level=2
[2024-04-10 11:34:27] [DEBUG] [GameManager: 62] nextLevel level=3
[2024-04-10 11:34:27] [DEBUG] [EnemyShipDiagonal: 11] EnemyShipDiagonal N=3
[2024-04-10 11:34:27] [DEBUG] [EnemyShipDiagonal: 11] EnemyShipDiagonal N=3
[2024-04-10 11:34:27] [DEBUG] [EnemyShipDiagonal: 11] EnemyShipDiagonal N=3
[2024-04-10 11:34:27] [DEBUG] [EnemyShipDiagonal: 11] EnemyShipDiagonal N=3
[2024-04-10 11:34:34] [DEBUG] [GameManager: 62] nextLevel level=4
[2024-04-10 11:34:34] [DEBUG] [EnemyShipDiagonal: 11] EnemyShipDiagonal N=3
[2024-04-10 11:34:34] [DEBUG] [EnemyShipDiagonal: 11] EnemyShipDiagonal N=3
[2024-04-10 11:34:34] [DEBUG] [EnemyShipDiagonal: 11] EnemyShipDiagonal N=3
[2024-04-10 11:34:34] [DEBUG] [EnemyShipDiagonal: 11] EnemyShipDiagonal N=3
[2024-04-10 11:34:45] [DEBUG] [GameManager: 62] nextLevel level=5
[2024-04-10 11:41:40] [INFO ] [AppInvasoresFx: 52] --------------------------------------------------------------------------------
[2024-04-10 11:41:44] [DEBUG] [GameManager: 52] start level=1
[2024-04-10 11:41:45] [DEBUG] [GameManager: 62] nextLevel level=2
[2024-04-10 11:41:46] [DEBUG] [GameManager: 62] nextLevel level=3
[2024-04-10 11:41:46] [DEBUG] [EnemyShipDiagonal: 11] EnemyShipDiagonal N=3
[2024-04-10 11:41:46] [DEBUG] [EnemyShipDiagonal: 11] EnemyShipDiagonal N=3
[2024-04-10 11:41:46] [DEBUG] [EnemyShipDiagonal: 11] EnemyShipDiagonal N=3
[2024-04-10 11:41:46] [DEBUG] [EnemyShipDiagonal: 11] EnemyShipDiagonal N=3
[2024-04-10 11:41:48] [DEBUG] [GameManager: 62] nextLevel level=4
[2024-04-10 11:41:48] [DEBUG] [EnemyShipDiagonal: 11] EnemyShipDiagonal N=3
[2024-04-10 11:41:48] [DEBUG] [EnemyShipDiagonal: 11] EnemyShipDiagonal N=3
[2024-04-10 11:41:48] [DEBUG] [EnemyShipDiagonal: 11] EnemyShipDiagonal N=3
[2024-04-10 11:41:48] [DEBUG] [EnemyShipDiagonal: 11] EnemyShipDiagonal N=3
[2024-04-10 11:41:59] [DEBUG] [GameManager: 62] nextLevel level=5
[2024-04-10 11:42:02] [DEBUG] [GameManager: 62] nextLevel level=6
[2024-04-10 11:42:03] [DEBUG] [GameManager: 62] nextLevel level=7
[2024-04-10 11:42:03] [DEBUG] [EnemyShipDiagonal: 11] EnemyShipDiagonal N=3
[2024-04-10 11:42:03] [DEBUG] [EnemyShipDiagonal: 11] EnemyShipDiagonal N=3
[2024-04-10 11:42:03] [DEBUG] [EnemyShipDiagonal: 11] EnemyShipDiagonal N=3
[2024-04-10 11:42:03] [DEBUG] [EnemyShipDiagonal: 11] EnemyShipDiagonal N=3
[2024-04-10 11:42:11] [DEBUG] [GameManager: 62] nextLevel level=8
[2024-04-10 11:42:11] [DEBUG] [EnemyShipDiagonal: 11] EnemyShipDiagonal N=3
[2024-04-10 11:42:11] [DEBUG] [EnemyShipDiagonal: 11] EnemyShipDiagonal N=3
[2024-04-10 11:42:11] [DEBUG] [EnemyShipDiagonal: 11] EnemyShipDiagonal N=3
[2024-04-10 11:42:11] [DEBUG] [EnemyShipDiagonal: 11] EnemyShipDiagonal N=3
[2024-04-10 12:21:26] [INFO ] [AppInvasoresFx: 52] --------------------------------------------------------------------------------
[2024-04-10 12:21:29] [DEBUG] [GameManager: 52] start level=1
[2024-04-10 12:21:30] [DEBUG] [GameManager: 62] nextLevel level=2
[2024-04-10 12:21:31] [DEBUG] [GameManager: 62] nextLevel level=3
[2024-04-10 12:21:31] [DEBUG] [EnemyShipDiagonal: 11] EnemyShipDiagonal N=3
[2024-04-10 12:21:31] [DEBUG] [EnemyShipDiagonal: 11] EnemyShipDiagonal N=3
[2024-04-10 12:21:31] [DEBUG] [EnemyShipDiagonal: 11] EnemyShipDiagonal N=3
[2024-04-10 12:21:31] [DEBUG] [EnemyShipDiagonal: 11] EnemyShipDiagonal N=3
[2024-04-10 12:21:32] [DEBUG] [GameManager: 62] nextLevel level=4
[2024-04-10 12:22:02] [DEBUG] [GameManager: 62] nextLevel level=5
[2024-04-10 12:22:03] [DEBUG] [GameManager: 62] nextLevel level=6
[2024-04-10 12:22:03] [DEBUG] [GameManager: 62] nextLevel level=7
[2024-04-10 12:22:03] [DEBUG] [EnemyShipDiagonal: 11] EnemyShipDiagonal N=3
[2024-04-10 12:22:03] [DEBUG] [EnemyShipDiagonal: 11] EnemyShipDiagonal N=3
[2024-04-10 12:22:03] [DEBUG] [EnemyShipDiagonal: 11] EnemyShipDiagonal N=3
[2024-04-10 12:22:03] [DEBUG] [EnemyShipDiagonal: 11] EnemyShipDiagonal N=3
[2024-04-10 12:22:03] [DEBUG] [GameManager: 62] nextLevel level=8
[2024-04-10 12:22:27] [DEBUG] [GameManager: 62] nextLevel level=9
[2024-04-10 12:22:54] [DEBUG] [GameManager:201] updateGame E_APP_ONELESSLIFE enemies=3 shotsDown=0 shotsUp=0
[2024-04-10 12:40:04] [INFO ] [AppInvasoresFx: 52] --------------------------------------------------------------------------------
[2024-04-10 12:40:06] [DEBUG] [GameManager: 52] start level=1
[2024-04-10 12:40:07] [DEBUG] [GameManager: 62] nextLevel level=2
[2024-04-10 12:40:07] [DEBUG] [GameManager: 62] nextLevel level=3
[2024-04-10 12:40:07] [DEBUG] [EnemyShipDiagonal: 11] EnemyShipDiagonal N=3
[2024-04-10 12:40:07] [DEBUG] [EnemyShipDiagonal: 11] EnemyShipDiagonal N=3
[2024-04-10 12:40:07] [DEBUG] [EnemyShipDiagonal: 11] EnemyShipDiagonal N=3
[2024-04-10 12:40:07] [DEBUG] [EnemyShipDiagonal: 11] EnemyShipDiagonal N=3
[2024-04-10 12:40:07] [DEBUG] [GameManager: 62] nextLevel level=4
[2024-04-10 12:40:16] [DEBUG] [GameManager: 62] nextLevel level=5
[2024-04-10 12:40:28] [DEBUG] [GameManager: 62] nextLevel level=6
[2024-04-10 12:40:29] [DEBUG] [GameManager: 62] nextLevel level=7
[2024-04-10 12:40:29] [DEBUG] [EnemyShipDiagonal: 11] EnemyShipDiagonal N=3
[2024-04-10 12:40:29] [DEBUG] [EnemyShipDiagonal: 11] EnemyShipDiagonal N=3
[2024-04-10 12:40:29] [DEBUG] [EnemyShipDiagonal: 11] EnemyShipDiagonal N=3
[2024-04-10 12:40:29] [DEBUG] [EnemyShipDiagonal: 11] EnemyShipDiagonal N=3
[2024-04-10 12:40:30] [DEBUG] [GameManager: 62] nextLevel level=8
[2024-04-10 12:40:35] [DEBUG] [GameManager:201] updateGame E_APP_ONELESSLIFE enemies=4 shotsDown=14 shotsUp=14
[2024-04-10 12:40:36] [DEBUG] [GameManager: 70] sameLevel level=8
[2024-04-10 12:40:51] [INFO ] [AppInvasoresFx: 52] --------------------------------------------------------------------------------
[2024-04-10 12:40:53] [DEBUG] [GameManager: 52] start level=1
[2024-04-10 12:40:55] [DEBUG] [GameManager: 62] nextLevel level=2
[2024-04-10 12:40:55] [DEBUG] [GameManager: 62] nextLevel level=3
[2024-04-10 12:40:55] [DEBUG] [EnemyShipDiagonal: 11] EnemyShipDiagonal N=3
[2024-04-10 12:40:55] [DEBUG] [EnemyShipDiagonal: 11] EnemyShipDiagonal N=3
[2024-04-10 12:40:55] [DEBUG] [EnemyShipDiagonal: 11] EnemyShipDiagonal N=3
[2024-04-10 12:40:55] [DEBUG] [EnemyShipDiagonal: 11] EnemyShipDiagonal N=3
[2024-04-10 12:41:05] [DEBUG] [GameManager:201] updateGame E_APP_ONELESSLIFE enemies=6 shotsDown=0 shotsUp=0
[2024-04-10 12:41:06] [DEBUG] [GameManager: 70] sameLevel level=3
[2024-04-10 12:45:13] [INFO ] [AppInvasoresFx: 52] --------------------------------------------------------------------------------
[2024-04-10 12:45:16] [DEBUG] [GameManager: 52] start level=1
[2024-04-10 12:45:17] [DEBUG] [GameManager: 62] nextLevel level=2
[2024-04-10 12:45:17] [DEBUG] [GameManager: 62] nextLevel level=3
[2024-04-10 12:45:17] [DEBUG] [EnemyShipDiagonal: 11] EnemyShipDiagonal N=3
[2024-04-10 12:45:17] [DEBUG] [EnemyShipDiagonal: 11] EnemyShipDiagonal N=3
[2024-04-10 12:45:17] [DEBUG] [EnemyShipDiagonal: 11] EnemyShipDiagonal N=3
[2024-04-10 12:45:17] [DEBUG] [EnemyShipDiagonal: 11] EnemyShipDiagonal N=3
[2024-04-10 12:45:18] [DEBUG] [GameManager: 62] nextLevel level=4
[2024-04-10 12:45:28] [DEBUG] [GameManager: 62] nextLevel level=5
[2024-04-10 12:45:42] [DEBUG] [GameManager: 62] nextLevel level=6
[2024-04-10 12:45:43] [DEBUG] [GameManager: 62] nextLevel level=7
[2024-04-10 12:45:43] [DEBUG] [EnemyShipDiagonal: 11] EnemyShipDiagonal N=3
[2024-04-10 12:45:43] [DEBUG] [EnemyShipDiagonal: 11] EnemyShipDiagonal N=3
[2024-04-10 12:45:43] [DEBUG] [EnemyShipDiagonal: 11] EnemyShipDiagonal N=3
[2024-04-10 12:45:43] [DEBUG] [EnemyShipDiagonal: 11] EnemyShipDiagonal N=3
[2024-04-10 12:45:44] [DEBUG] [GameManager: 62] nextLevel level=8
[2024-04-10 12:48:16] [INFO ] [AppInvasoresFx: 52] --------------------------------------------------------------------------------
[2024-04-10 12:48:17] [DEBUG] [GameManager: 52] start level=1
[2024-04-10 12:48:18] [DEBUG] [GameManager: 62] nextLevel level=2
[2024-04-10 12:48:19] [DEBUG] [GameManager: 62] nextLevel level=3
[2024-04-10 12:48:19] [DEBUG] [EnemyShipDiagonal: 11] EnemyShipDiagonal N=3
[2024-04-10 12:48:19] [DEBUG] [EnemyShipDiagonal: 11] EnemyShipDiagonal N=3
[2024-04-10 12:48:19] [DEBUG] [EnemyShipDiagonal: 11] EnemyShipDiagonal N=3
[2024-04-10 12:48:19] [DEBUG] [EnemyShipDiagonal: 11] EnemyShipDiagonal N=3
[2024-04-10 12:48:19] [DEBUG] [GameManager: 62] nextLevel level=4
[2024-04-10 12:49:34] [INFO ] [AppInvasoresFx: 52] --------------------------------------------------------------------------------
[2024-04-10 12:49:35] [DEBUG] [GameManager: 52] start level=1
[2024-04-10 12:49:35] [DEBUG] [GameManager: 62] nextLevel level=2
[2024-04-10 12:49:36] [DEBUG] [GameManager: 62] nextLevel level=3
[2024-04-10 12:49:36] [DEBUG] [EnemyShipDiagonal: 11] EnemyShipDiagonal N=3
[2024-04-10 12:49:36] [DEBUG] [EnemyShipDiagonal: 11] EnemyShipDiagonal N=3
[2024-04-10 12:49:36] [DEBUG] [EnemyShipDiagonal: 11] EnemyShipDiagonal N=3
[2024-04-10 12:49:36] [DEBUG] [EnemyShipDiagonal: 11] EnemyShipDiagonal N=3
[2024-04-10 12:49:36] [DEBUG] [GameManager: 62] nextLevel level=4
[2024-04-10 12:50:09] [DEBUG] [GameManager:201] updateGame E_APP_ONELESSLIFE enemies=3 shotsDown=17 shotsUp=17
[2024-04-10 12:50:09] [DEBUG] [GameManager: 70] sameLevel level=4
[2024-04-10 12:50:13] [DEBUG] [GameManager:201] updateGame E_APP_ONELESSLIFE enemies=2 shotsDown=14 shotsUp=14
[2024-04-10 12:50:13] [DEBUG] [GameManager: 70] sameLevel level=4
[2024-04-10 12:50:17] [DEBUG] [GameManager: 62] nextLevel level=5
