[2024-04-09 20:34:09] [INFO ] [AppInvasoresFx: 52] --------------------------------------------------------------------------------
[2024-04-09 20:34:10] [DEBUG] [GameManager: 52] start level=1
[2024-04-09 20:34:25] [DEBUG] [GameManager: 62] nextLevel level=2
[2024-04-09 20:34:40] [DEBUG] [GameManager: 62] nextLevel level=3
[2024-04-09 20:34:40] [DEBUG] [EnemyShipDiagonal: 11] EnemyShipDiagonal N=3
[2024-04-09 20:34:40] [DEBUG] [EnemyShipDiagonal: 11] EnemyShipDiagonal N=3
[2024-04-09 20:34:40] [DEBUG] [EnemyShipDiagonal: 11] EnemyShipDiagonal N=3
[2024-04-09 20:34:40] [DEBUG] [EnemyShipDiagonal: 11] EnemyShipDiagonal N=3
[2024-04-09 20:34:47] [DEBUG] [GameManager: 62] nextLevel level=4
[2024-04-09 20:34:57] [DEBUG] [GameManager: 62] nextLevel level=5
[2024-04-09 20:35:08] [INFO ] [AppInvasoresFx: 81] ESC
[2024-04-09 20:45:01] [INFO ] [AppInvasoresFx: 52] --------------------------------------------------------------------------------
[2024-04-09 20:45:01] [DEBUG] [GameManager: 52] start level=1
[2024-04-09 20:45:09] [DEBUG] [GameManager: 62] nextLevel level=2
[2024-04-09 20:45:18] [DEBUG] [GameManager: 62] nextLevel level=3
[2024-04-09 20:45:18] [DEBUG] [EnemyShipDiagonal: 11] EnemyShipDiagonal N=3
[2024-04-09 20:45:18] [DEBUG] [EnemyShipDiagonal: 11] EnemyShipDiagonal N=3
[2024-04-09 20:45:18] [DEBUG] [EnemyShipDiagonal: 11] EnemyShipDiagonal N=3
[2024-04-09 20:45:18] [DEBUG] [EnemyShipDiagonal: 11] EnemyShipDiagonal N=3
[2024-04-09 20:45:23] [DEBUG] [GameManager:201] updateGame E_APP_ONELESSLIFE enemies=3 shotsDown=13 shotsUp=12
[2024-04-09 20:45:23] [DEBUG] [GameManager: 70] sameLevel level=3
[2024-04-09 20:45:35] [DEBUG] [GameManager: 62] nextLevel level=4
[2024-04-09 20:45:35] [DEBUG] [EnemyShipDiagonal: 11] EnemyShipDiagonal N=3
[2024-04-09 20:45:35] [DEBUG] [EnemyShipDiagonal: 11] EnemyShipDiagonal N=3
[2024-04-09 20:45:35] [DEBUG] [EnemyShipDiagonal: 11] EnemyShipDiagonal N=3
[2024-04-09 20:45:35] [DEBUG] [EnemyShipDiagonal: 11] EnemyShipDiagonal N=3
